<?xml version="1.0" encoding="UTF-8"?>
<coverage generated="1786040259038" clover="3.2.0">
  <project timestamp="1786040259038" name="All files">
    <metrics statements="109" coveredstatements="96" conditionals="138" coveredconditionals="97" methods="50" coveredmethods="39" elements="297" coveredelements="232" complexity="0" loc="109" ncloc="109" packages="1" files="2" classes="2"/>
    <file name="App.tsx" path="/Users/asnunesaro/development/personal/farol/web/src/App.tsx">
      <metrics statements="98" coveredstatements="85" conditionals="134" coveredconditionals="94" methods="42" coveredmethods="31"/>
      <line num="12" count="51" type="stmt"/>
      <line num="13" count="51" type="stmt"/>
      <line num="14" count="51" type="stmt"/>
      <line num="15" count="51" type="stmt"/>
      <line num="16" count="51" type="stmt"/>
      <line num="18" count="51" type="stmt"/>
      <line num="19" count="14" type="stmt"/>
      <line num="20" count="14" type="stmt"/>
      <line num="21" count="14" type="stmt"/>
      <line num="22" count="14" type="stmt"/>
      <line num="23" count="14" type="cond" truecount="4" falsecount="0"/>
      <line num="24" count="17" type="cond" truecount="2" falsecount="0"/>
      <line num="25" count="14" type="cond" truecount="1" falsecount="1"/>
      <line num="28" count="0" type="stmt"/>
      <line num="32" count="51" type="stmt"/>
      <line num="33" count="12" type="stmt"/>
      <line num="38" count="51" type="stmt"/>
      <line num="39" count="12" type="stmt"/>
      <line num="40" count="12" type="stmt"/>
      <line num="41" count="12" type="stmt"/>
      <line num="42" count="12" type="stmt"/>
      <line num="43" count="12" type="stmt"/>
      <line num="46" count="51" type="stmt"/>
      <line num="47" count="30" type="cond" truecount="2" falsecount="0"/>
      <line num="48" count="18" type="stmt"/>
      <line num="49" count="18" type="stmt"/>
      <line num="51" count="18" type="cond" truecount="2" falsecount="0"/>
      <line num="52" count="0" type="cond" truecount="0" falsecount="2"/>
      <line num="53" count="18" type="stmt"/>
      <line num="54" count="18" type="stmt"/>
      <line num="58" count="51" type="cond" truecount="2" falsecount="0"/>
      <line num="59" count="57" type="stmt"/>
      <line num="61" count="51" type="stmt"/>
      <line num="63" count="2" type="stmt"/>
      <line num="64" count="2" type="stmt"/>
      <line num="69" count="51" type="stmt"/>
      <line num="70" count="51" type="stmt"/>
      <line num="71" count="9" type="cond" truecount="4" falsecount="1"/>
      <line num="72" count="9" type="stmt"/>
      <line num="73" count="9" type="cond" truecount="3" falsecount="1"/>
      <line num="74" count="9" type="cond" truecount="1" falsecount="1"/>
      <line num="76" count="9" type="stmt"/>
      <line num="77" count="3" type="stmt"/>
      <line num="78" count="3" type="cond" truecount="1" falsecount="1"/>
      <line num="81" count="9" type="cond" truecount="8" falsecount="0"/>
      <line num="83" count="2" type="stmt"/>
      <line num="84" count="2" type="stmt"/>
      <line num="86" count="1" type="stmt"/>
      <line num="87" count="1" type="stmt"/>
      <line num="90" count="2" type="cond" truecount="1" falsecount="1"/>
      <line num="91" count="1" type="cond" truecount="1" falsecount="1"/>
      <line num="92" count="1" type="stmt"/>
      <line num="95" count="1" type="stmt"/>
      <line num="96" count="1" type="cond" truecount="1" falsecount="1"/>
      <line num="97" count="1" type="stmt"/>
      <line num="101" count="2" type="cond" truecount="1" falsecount="1"/>
      <line num="102" count="2" type="cond" truecount="1" falsecount="1"/>
      <line num="103" count="2" type="cond" truecount="2" falsecount="0"/>
      <line num="104" count="2" type="cond" truecount="1" falsecount="1"/>
      <line num="105" count="2" type="stmt"/>
      <line num="108" count="1" type="stmt"/>
      <line num="109" count="1" type="stmt"/>
      <line num="111" count="1" type="stmt"/>
      <line num="112" count="1" type="stmt"/>
      <line num="115" count="51" type="stmt"/>
      <line num="116" count="51" type="stmt"/>
      <line num="119" count="51" type="cond" truecount="1" falsecount="1"/>
      <line num="120" count="51" type="cond" truecount="2" falsecount="0"/>
      <line num="122" count="39" type="cond" truecount="1" falsecount="1"/>
      <line num="123" count="51" type="cond" truecount="1" falsecount="1"/>
      <line num="124" count="51" type="cond" truecount="2" falsecount="0"/>
      <line num="126" count="51" type="stmt"/>
      <line num="186" count="1" type="stmt"/>
      <line num="197" count="4" type="stmt"/>
      <line num="216" count="4" type="stmt"/>
      <line num="236" count="1" type="stmt"/>
      <line num="264" count="0" type="stmt"/>
      <line num="265" count="0" type="stmt"/>
      <line num="295" count="39" type="stmt"/>
      <line num="298" count="83" type="cond" truecount="4" falsecount="0"/>
      <line num="300" count="78" type="cond" truecount="2" falsecount="0"/>
      <line num="303" count="78" type="stmt"/>
      <line num="313" count="113" type="stmt"/>
      <line num="330" count="0" type="stmt"/>
      <line num="348" count="113" type="stmt"/>
      <line num="355" count="0" type="stmt"/>
      <line num="371" count="21" type="cond" truecount="2" falsecount="0"/>
      <line num="374" count="1" type="stmt"/>
      <line num="377" count="20" type="stmt"/>
      <line num="380" count="0" type="stmt"/>
      <line num="386" count="0" type="cond" truecount="0" falsecount="4"/>
      <line num="387" count="0" type="cond" truecount="0" falsecount="4"/>
      <line num="388" count="0" type="stmt"/>
      <line num="389" count="0" type="cond" truecount="0" falsecount="2"/>
      <line num="391" count="0" type="stmt"/>
      <line num="400" count="0" type="stmt"/>
      <line num="420" count="191" type="stmt"/>
      <line num="421" count="191" type="cond" truecount="1" falsecount="1"/>
    </file>
    <file name="api.ts" path="/Users/asnunesaro/development/personal/farol/web/src/api.ts">
      <metrics statements="11" coveredstatements="11" conditionals="4" coveredconditionals="3" methods="8" coveredmethods="8"/>
      <line num="67" count="32" type="cond" truecount="1" falsecount="1"/>
      <line num="68" count="32" type="stmt"/>
      <line num="71" count="2" type="stmt"/>
      <line num="72" count="14" type="stmt"/>
      <line num="74" count="18" type="stmt"/>
      <line num="76" count="2" type="stmt"/>
      <line num="85" count="114" type="stmt"/>
      <line num="93" count="44" type="stmt"/>
      <line num="94" count="70" type="cond" truecount="2" falsecount="0"/>
      <line num="95" count="43" type="stmt"/>
      <line num="98" count="11" type="stmt"/>
    </file>
  </project>
</coverage>
