{"/Users/asnunesaro/development/personal/farol/web/src/App.tsx": {"path":"/Users/asnunesaro/development/personal/farol/web/src/App.tsx","statementMap":{"0":{"start":{"line":12,"column":30},"end":{"line":12,"column":null}},"1":{"start":{"line":13,"column":32},"end":{"line":13,"column":null}},"2":{"start":{"line":14,"column":26},"end":{"line":14,"column":null}},"3":{"start":{"line":15,"column":28},"end":{"line":15,"column":null}},"4":{"start":{"line":16,"column":34},"end":{"line":16,"column":null}},"5":{"start":{"line":18,"column":15},"end":{"line":30,"column":null}},"6":{"start":{"line":19,"column":4},"end":{"line":29,"column":null}},"7":{"start":{"line":20,"column":19},"end":{"line":20,"column":null}},"8":{"start":{"line":21,"column":6},"end":{"line":21,"column":null}},"9":{"start":{"line":22,"column":6},"end":{"line":26,"column":null}},"10":{"start":{"line":23,"column":8},"end":{"line":23,"column":null}},"11":{"start":{"line":23,"column":51},"end":{"line":23,"column":66}},"12":{"start":{"line":23,"column":69},"end":{"line":23,"column":null}},"13":{"start":{"line":24,"column":22},"end":{"line":24,"column":null}},"14":{"start":{"line":24,"column":53},"end":{"line":24,"column":62}},"15":{"start":{"line":25,"column":8},"end":{"line":25,"column":null}},"16":{"start":{"line":28,"column":6},"end":{"line":28,"column":null}},"17":{"start":{"line":32,"column":2},"end":{"line":34,"column":null}},"18":{"start":{"line":33,"column":4},"end":{"line":33,"column":null}},"19":{"start":{"line":38,"column":2},"end":{"line":44,"column":null}},"20":{"start":{"line":39,"column":15},"end":{"line":39,"column":null}},"21":{"start":{"line":40,"column":10},"end":{"line":40,"column":null}},"22":{"start":{"line":40,"column":26},"end":{"line":40,"column":null}},"23":{"start":{"line":41,"column":4},"end":{"line":41,"column":null}},"24":{"start":{"line":42,"column":4},"end":{"line":42,"column":null}},"25":{"start":{"line":43,"column":4},"end":{"line":43,"column":null}},"26":{"start":{"line":43,"column":17},"end":{"line":43,"column":null}},"27":{"start":{"line":46,"column":2},"end":{"line":56,"column":null}},"28":{"start":{"line":47,"column":4},"end":{"line":47,"column":null}},"29":{"start":{"line":47,"column":18},"end":{"line":47,"column":null}},"30":{"start":{"line":48,"column":20},"end":{"line":48,"column":null}},"31":{"start":{"line":49,"column":4},"end":{"line":52,"column":null}},"32":{"start":{"line":51,"column":19},"end":{"line":51,"column":43}},"33":{"start":{"line":52,"column":20},"end":{"line":52,"column":53}},"34":{"start":{"line":53,"column":4},"end":{"line":55,"column":null}},"35":{"start":{"line":54,"column":6},"end":{"line":54,"column":null}},"36":{"start":{"line":58,"column":16},"end":{"line":58,"column":null}},"37":{"start":{"line":59,"column":16},"end":{"line":59,"column":null}},"38":{"start":{"line":59,"column":39},"end":{"line":59,"column":57}},"39":{"start":{"line":61,"column":23},"end":{"line":67,"column":null}},"40":{"start":{"line":63,"column":6},"end":{"line":63,"column":null}},"41":{"start":{"line":64,"column":6},"end":{"line":64,"column":null}},"42":{"start":{"line":69,"column":2},"end":{"line":117,"column":null}},"43":{"start":{"line":70,"column":10},"end":{"line":114,"column":null}},"44":{"start":{"line":71,"column":6},"end":{"line":71,"column":null}},"45":{"start":{"line":71,"column":46},"end":{"line":71,"column":null}},"46":{"start":{"line":72,"column":21},"end":{"line":72,"column":null}},"47":{"start":{"line":73,"column":6},"end":{"line":73,"column":null}},"48":{"start":{"line":73,"column":71},"end":{"line":73,"column":null}},"49":{"start":{"line":74,"column":6},"end":{"line":74,"column":null}},"50":{"start":{"line":74,"column":19},"end":{"line":74,"column":null}},"51":{"start":{"line":76,"column":12},"end":{"line":79,"column":null}},"52":{"start":{"line":77,"column":21},"end":{"line":77,"column":null}},"53":{"start":{"line":78,"column":8},"end":{"line":78,"column":null}},"54":{"start":{"line":78,"column":18},"end":{"line":78,"column":null}},"55":{"start":{"line":81,"column":6},"end":{"line":113,"column":null}},"56":{"start":{"line":83,"column":10},"end":{"line":83,"column":null}},"57":{"start":{"line":84,"column":10},"end":{"line":84,"column":null}},"58":{"start":{"line":86,"column":10},"end":{"line":86,"column":null}},"59":{"start":{"line":87,"column":10},"end":{"line":87,"column":null}},"60":{"start":{"line":90,"column":12},"end":{"line":90,"column":null}},"61":{"start":{"line":90,"column":47},"end":{"line":90,"column":56}},"62":{"start":{"line":90,"column":79},"end":{"line":90,"column":88}},"63":{"start":{"line":91,"column":10},"end":{"line":91,"column":null}},"64":{"start":{"line":91,"column":20},"end":{"line":91,"column":null}},"65":{"start":{"line":92,"column":10},"end":{"line":92,"column":null}},"66":{"start":{"line":95,"column":23},"end":{"line":95,"column":null}},"67":{"start":{"line":96,"column":10},"end":{"line":96,"column":null}},"68":{"start":{"line":96,"column":20},"end":{"line":96,"column":null}},"69":{"start":{"line":97,"column":10},"end":{"line":97,"column":null}},"70":{"start":{"line":101,"column":23},"end":{"line":101,"column":null}},"71":{"start":{"line":102,"column":10},"end":{"line":102,"column":null}},"72":{"start":{"line":102,"column":21},"end":{"line":102,"column":null}},"73":{"start":{"line":103,"column":25},"end":{"line":103,"column":null}},"74":{"start":{"line":104,"column":10},"end":{"line":104,"column":null}},"75":{"start":{"line":104,"column":32},"end":{"line":104,"column":null}},"76":{"start":{"line":105,"column":10},"end":{"line":105,"column":null}},"77":{"start":{"line":108,"column":10},"end":{"line":108,"column":null}},"78":{"start":{"line":108,"column":29},"end":{"line":108,"column":31}},"79":{"start":{"line":109,"column":10},"end":{"line":109,"column":null}},"80":{"start":{"line":111,"column":10},"end":{"line":111,"column":null}},"81":{"start":{"line":112,"column":10},"end":{"line":112,"column":null}},"82":{"start":{"line":115,"column":4},"end":{"line":115,"column":null}},"83":{"start":{"line":116,"column":4},"end":{"line":116,"column":null}},"84":{"start":{"line":116,"column":17},"end":{"line":116,"column":null}},"85":{"start":{"line":119,"column":2},"end":{"line":119,"column":null}},"86":{"start":{"line":119,"column":13},"end":{"line":119,"column":null}},"87":{"start":{"line":120,"column":2},"end":{"line":120,"column":null}},"88":{"start":{"line":120,"column":15},"end":{"line":120,"column":null}},"89":{"start":{"line":122,"column":15},"end":{"line":122,"column":null}},"90":{"start":{"line":123,"column":15},"end":{"line":123,"column":null}},"91":{"start":{"line":124,"column":15},"end":{"line":124,"column":null}},"92":{"start":{"line":126,"column":2},"end":{"line":282,"column":null}},"93":{"start":{"line":186,"column":33},"end":{"line":186,"column":null}},"94":{"start":{"line":197,"column":22},"end":{"line":199,"column":null}},"95":{"start":{"line":216,"column":14},"end":{"line":219,"column":null}},"96":{"start":{"line":236,"column":16},"end":{"line":236,"column":null}},"97":{"start":{"line":264,"column":45},"end":{"line":264,"column":null}},"98":{"start":{"line":265,"column":53},"end":{"line":265,"column":null}},"99":{"start":{"line":295,"column":2},"end":{"line":335,"column":null}},"100":{"start":{"line":298,"column":22},"end":{"line":302,"column":null}},"101":{"start":{"line":298,"column":47},"end":{"line":298,"column":55}},"102":{"start":{"line":300,"column":36},"end":{"line":300,"column":54}},"103":{"start":{"line":303,"column":8},"end":{"line":316,"column":null}},"104":{"start":{"line":313,"column":16},"end":{"line":313,"column":null}},"105":{"start":{"line":330,"column":14},"end":{"line":330,"column":null}},"106":{"start":{"line":348,"column":2},"end":{"line":366,"column":null}},"107":{"start":{"line":355,"column":23},"end":{"line":355,"column":null}},"108":{"start":{"line":371,"column":2},"end":{"line":375,"column":null}},"109":{"start":{"line":374,"column":4},"end":{"line":374,"column":null}},"110":{"start":{"line":377,"column":2},"end":{"line":413,"column":null}},"111":{"start":{"line":380,"column":8},"end":{"line":411,"column":null}},"112":{"start":{"line":386,"column":14},"end":{"line":386,"column":null}},"113":{"start":{"line":387,"column":27},"end":{"line":387,"column":null}},"114":{"start":{"line":388,"column":26},"end":{"line":390,"column":null}},"115":{"start":{"line":389,"column":21},"end":{"line":389,"column":null}},"116":{"start":{"line":391,"column":12},"end":{"line":408,"column":null}},"117":{"start":{"line":400,"column":18},"end":{"line":406,"column":null}},"118":{"start":{"line":420,"column":12},"end":{"line":420,"column":null}},"119":{"start":{"line":421,"column":2},"end":{"line":423,"column":null}}},"fnMap":{"0":{"name":"App","decl":{"start":{"line":11,"column":24},"end":{"line":11,"column":30}},"loc":{"start":{"line":11,"column":30},"end":{"line":284,"column":null}},"line":11},"1":{"name":"(anonymous_1)","decl":{"start":{"line":18,"column":27},"end":{"line":18,"column":39}},"loc":{"start":{"line":18,"column":39},"end":{"line":30,"column":5}},"line":18},"2":{"name":"(anonymous_2)","decl":{"start":{"line":22,"column":6},"end":{"line":22,"column":18}},"loc":{"start":{"line":22,"column":27},"end":{"line":26,"column":7}},"line":22},"3":{"name":"(anonymous_3)","decl":{"start":{"line":23,"column":39},"end":{"line":23,"column":45}},"loc":{"start":{"line":23,"column":51},"end":{"line":23,"column":66}},"line":23},"4":{"name":"(anonymous_4)","decl":{"start":{"line":24,"column":41},"end":{"line":24,"column":47}},"loc":{"start":{"line":24,"column":53},"end":{"line":24,"column":62}},"line":24},"5":{"name":"(anonymous_5)","decl":{"start":{"line":32,"column":2},"end":{"line":32,"column":18}},"loc":{"start":{"line":32,"column":18},"end":{"line":34,"column":5}},"line":32},"6":{"name":"(anonymous_6)","decl":{"start":{"line":38,"column":2},"end":{"line":38,"column":18}},"loc":{"start":{"line":38,"column":18},"end":{"line":44,"column":5}},"line":38},"7":{"name":"(anonymous_7)","decl":{"start":{"line":40,"column":10},"end":{"line":40,"column":26}},"loc":{"start":{"line":40,"column":26},"end":{"line":40,"column":null}},"line":40},"8":{"name":"(anonymous_8)","decl":{"start":{"line":43,"column":4},"end":{"line":43,"column":17}},"loc":{"start":{"line":43,"column":17},"end":{"line":43,"column":null}},"line":43},"9":{"name":"(anonymous_9)","decl":{"start":{"line":46,"column":2},"end":{"line":46,"column":18}},"loc":{"start":{"line":46,"column":18},"end":{"line":56,"column":5}},"line":46},"10":{"name":"(anonymous_10)","decl":{"start":{"line":51,"column":7},"end":{"line":51,"column":13}},"loc":{"start":{"line":51,"column":19},"end":{"line":51,"column":43}},"line":51},"11":{"name":"(anonymous_11)","decl":{"start":{"line":52,"column":7},"end":{"line":52,"column":14}},"loc":{"start":{"line":52,"column":20},"end":{"line":52,"column":53}},"line":52},"12":{"name":"(anonymous_12)","decl":{"start":{"line":53,"column":4},"end":{"line":53,"column":17}},"loc":{"start":{"line":53,"column":17},"end":{"line":55,"column":null}},"line":53},"13":{"name":"(anonymous_13)","decl":{"start":{"line":59,"column":22},"end":{"line":59,"column":33}},"loc":{"start":{"line":59,"column":39},"end":{"line":59,"column":57}},"line":59},"14":{"name":"(anonymous_14)","decl":{"start":{"line":62,"column":4},"end":{"line":62,"column":11}},"loc":{"start":{"line":62,"column":45},"end":{"line":65,"column":null}},"line":62},"15":{"name":"(anonymous_15)","decl":{"start":{"line":69,"column":2},"end":{"line":69,"column":18}},"loc":{"start":{"line":69,"column":18},"end":{"line":117,"column":5}},"line":69},"16":{"name":"(anonymous_16)","decl":{"start":{"line":70,"column":10},"end":{"line":70,"column":19}},"loc":{"start":{"line":70,"column":40},"end":{"line":114,"column":null}},"line":70},"17":{"name":"(anonymous_17)","decl":{"start":{"line":76,"column":12},"end":{"line":76,"column":18}},"loc":{"start":{"line":76,"column":32},"end":{"line":79,"column":null}},"line":76},"18":{"name":"(anonymous_18)","decl":{"start":{"line":90,"column":35},"end":{"line":90,"column":41}},"loc":{"start":{"line":90,"column":47},"end":{"line":90,"column":56}},"line":90},"19":{"name":"(anonymous_19)","decl":{"start":{"line":90,"column":67},"end":{"line":90,"column":73}},"loc":{"start":{"line":90,"column":79},"end":{"line":90,"column":88}},"line":90},"20":{"name":"(anonymous_20)","decl":{"start":{"line":108,"column":10},"end":{"line":108,"column":23}},"loc":{"start":{"line":108,"column":29},"end":{"line":108,"column":31}},"line":108},"21":{"name":"(anonymous_21)","decl":{"start":{"line":116,"column":4},"end":{"line":116,"column":17}},"loc":{"start":{"line":116,"column":17},"end":{"line":116,"column":null}},"line":116},"22":{"name":"(anonymous_22)","decl":{"start":{"line":186,"column":18},"end":{"line":186,"column":33}},"loc":{"start":{"line":186,"column":33},"end":{"line":186,"column":null}},"line":186},"23":{"name":"(anonymous_23)","decl":{"start":{"line":196,"column":31},"end":{"line":196,"column":36}},"loc":{"start":{"line":197,"column":22},"end":{"line":199,"column":null}},"line":197},"24":{"name":"(anonymous_24)","decl":{"start":{"line":215,"column":24},"end":{"line":215,"column":29}},"loc":{"start":{"line":216,"column":14},"end":{"line":219,"column":null}},"line":216},"25":{"name":"(anonymous_25)","decl":{"start":{"line":235,"column":31},"end":{"line":235,"column":36}},"loc":{"start":{"line":236,"column":16},"end":{"line":236,"column":null}},"line":236},"26":{"name":"(anonymous_26)","decl":{"start":{"line":264,"column":30},"end":{"line":264,"column":45}},"loc":{"start":{"line":264,"column":45},"end":{"line":264,"column":null}},"line":264},"27":{"name":"(anonymous_27)","decl":{"start":{"line":265,"column":37},"end":{"line":265,"column":47}},"loc":{"start":{"line":265,"column":53},"end":{"line":265,"column":null}},"line":265},"28":{"name":"Sidebar","decl":{"start":{"line":286,"column":9},"end":{"line":286,"column":17}},"loc":{"start":{"line":294,"column":3},"end":{"line":337,"column":null}},"line":294},"29":{"name":"(anonymous_29)","decl":{"start":{"line":297,"column":21},"end":{"line":297,"column":26}},"loc":{"start":{"line":297,"column":39},"end":{"line":318,"column":7}},"line":297},"30":{"name":"(anonymous_30)","decl":{"start":{"line":298,"column":34},"end":{"line":298,"column":41}},"loc":{"start":{"line":298,"column":47},"end":{"line":298,"column":55}},"line":298},"31":{"name":"(anonymous_31)","decl":{"start":{"line":300,"column":24},"end":{"line":300,"column":30}},"loc":{"start":{"line":300,"column":36},"end":{"line":300,"column":54}},"line":300},"32":{"name":"(anonymous_32)","decl":{"start":{"line":312,"column":27},"end":{"line":312,"column":32}},"loc":{"start":{"line":313,"column":16},"end":{"line":313,"column":null}},"line":313},"33":{"name":"(anonymous_33)","decl":{"start":{"line":329,"column":30},"end":{"line":329,"column":35}},"loc":{"start":{"line":330,"column":14},"end":{"line":330,"column":null}},"line":330},"34":{"name":"FileRow","decl":{"start":{"line":339,"column":9},"end":{"line":339,"column":17}},"loc":{"start":{"line":347,"column":3},"end":{"line":368,"column":null}},"line":347},"35":{"name":"(anonymous_35)","decl":{"start":{"line":355,"column":8},"end":{"line":355,"column":23}},"loc":{"start":{"line":355,"column":23},"end":{"line":355,"column":null}},"line":355},"36":{"name":"Diff","decl":{"start":{"line":370,"column":9},"end":{"line":370,"column":14}},"loc":{"start":{"line":370,"column":66},"end":{"line":415,"column":null}},"line":370},"37":{"name":"(anonymous_37)","decl":{"start":{"line":379,"column":18},"end":{"line":379,"column":23}},"loc":{"start":{"line":380,"column":8},"end":{"line":411,"column":null}},"line":380},"38":{"name":"(anonymous_38)","decl":{"start":{"line":384,"column":22},"end":{"line":384,"column":27}},"loc":{"start":{"line":384,"column":40},"end":{"line":410,"column":11}},"line":384},"39":{"name":"(anonymous_39)","decl":{"start":{"line":388,"column":41},"end":{"line":388,"column":null}},"loc":{"start":{"line":389,"column":21},"end":{"line":389,"column":null}},"line":389},"40":{"name":"(anonymous_40)","decl":{"start":{"line":399,"column":23},"end":{"line":399,"column":28}},"loc":{"start":{"line":400,"column":18},"end":{"line":406,"column":null}},"line":400},"41":{"name":"splitPath","decl":{"start":{"line":419,"column":9},"end":{"line":419,"column":19}},"loc":{"start":{"line":419,"column":64},"end":{"line":424,"column":null}},"line":419}},"branchMap":{"0":{"loc":{"start":{"line":23,"column":8},"end":{"line":23,"column":null}},"type":"if","locations":[{"start":{"line":23,"column":8},"end":{"line":23,"column":null}},{"start":{},"end":{}}],"line":23},"1":{"loc":{"start":{"line":23,"column":12},"end":{"line":23,"column":69}},"type":"binary-expr","locations":[{"start":{"line":23,"column":12},"end":{"line":23,"column":20}},{"start":{"line":23,"column":20},"end":{"line":23,"column":69}}],"line":23},"2":{"loc":{"start":{"line":24,"column":22},"end":{"line":24,"column":null}},"type":"binary-expr","locations":[{"start":{"line":24,"column":22},"end":{"line":24,"column":67}},{"start":{"line":24,"column":67},"end":{"line":24,"column":null}}],"line":24},"3":{"loc":{"start":{"line":25,"column":15},"end":{"line":25,"column":null}},"type":"binary-expr","locations":[{"start":{"line":25,"column":15},"end":{"line":25,"column":30}},{"start":{"line":25,"column":30},"end":{"line":25,"column":null}}],"line":25},"4":{"loc":{"start":{"line":47,"column":4},"end":{"line":47,"column":null}},"type":"if","locations":[{"start":{"line":47,"column":4},"end":{"line":47,"column":null}},{"start":{},"end":{}}],"line":47},"5":{"loc":{"start":{"line":51,"column":19},"end":{"line":51,"column":43}},"type":"binary-expr","locations":[{"start":{"line":51,"column":19},"end":{"line":51,"column":33}},{"start":{"line":51,"column":33},"end":{"line":51,"column":43}}],"line":51},"6":{"loc":{"start":{"line":52,"column":20},"end":{"line":52,"column":53}},"type":"binary-expr","locations":[{"start":{"line":52,"column":20},"end":{"line":52,"column":34}},{"start":{"line":52,"column":34},"end":{"line":52,"column":53}}],"line":52},"7":{"loc":{"start":{"line":58,"column":16},"end":{"line":58,"column":null}},"type":"cond-expr","locations":[{"start":{"line":58,"column":25},"end":{"line":58,"column":48}},{"start":{"line":58,"column":48},"end":{"line":58,"column":null}}],"line":58},"8":{"loc":{"start":{"line":71,"column":6},"end":{"line":71,"column":null}},"type":"if","locations":[{"start":{"line":71,"column":6},"end":{"line":71,"column":null}},{"start":{},"end":{}}],"line":71},"9":{"loc":{"start":{"line":71,"column":10},"end":{"line":71,"column":46}},"type":"binary-expr","locations":[{"start":{"line":71,"column":10},"end":{"line":71,"column":23}},{"start":{"line":71,"column":23},"end":{"line":71,"column":36}},{"start":{"line":71,"column":36},"end":{"line":71,"column":46}}],"line":71},"10":{"loc":{"start":{"line":73,"column":6},"end":{"line":73,"column":null}},"type":"if","locations":[{"start":{"line":73,"column":6},"end":{"line":73,"column":null}},{"start":{},"end":{}}],"line":73},"11":{"loc":{"start":{"line":73,"column":10},"end":{"line":73,"column":71}},"type":"binary-expr","locations":[{"start":{"line":73,"column":10},"end":{"line":73,"column":40}},{"start":{"line":73,"column":40},"end":{"line":73,"column":71}}],"line":73},"12":{"loc":{"start":{"line":74,"column":6},"end":{"line":74,"column":null}},"type":"if","locations":[{"start":{"line":74,"column":6},"end":{"line":74,"column":null}},{"start":{},"end":{}}],"line":74},"13":{"loc":{"start":{"line":78,"column":8},"end":{"line":78,"column":null}},"type":"if","locations":[{"start":{"line":78,"column":8},"end":{"line":78,"column":null}},{"start":{},"end":{}}],"line":78},"14":{"loc":{"start":{"line":81,"column":6},"end":{"line":113,"column":null}},"type":"switch","locations":[{"start":{"line":82,"column":8},"end":{"line":84,"column":null}},{"start":{"line":85,"column":8},"end":{"line":87,"column":null}},{"start":{"line":88,"column":8},"end":{"line":93,"column":null}},{"start":{"line":94,"column":8},"end":{"line":98,"column":null}},{"start":{"line":99,"column":8},"end":{"line":99,"column":null}},{"start":{"line":100,"column":8},"end":{"line":106,"column":null}},{"start":{"line":107,"column":8},"end":{"line":109,"column":null}},{"start":{"line":110,"column":8},"end":{"line":112,"column":null}}],"line":81},"15":{"loc":{"start":{"line":90,"column":12},"end":{"line":90,"column":null}},"type":"binary-expr","locations":[{"start":{"line":90,"column":12},"end":{"line":90,"column":61}},{"start":{"line":90,"column":61},"end":{"line":90,"column":null}}],"line":90},"16":{"loc":{"start":{"line":91,"column":10},"end":{"line":91,"column":null}},"type":"if","locations":[{"start":{"line":91,"column":10},"end":{"line":91,"column":null}},{"start":{},"end":{}}],"line":91},"17":{"loc":{"start":{"line":96,"column":10},"end":{"line":96,"column":null}},"type":"if","locations":[{"start":{"line":96,"column":10},"end":{"line":96,"column":null}},{"start":{},"end":{}}],"line":96},"18":{"loc":{"start":{"line":101,"column":39},"end":{"line":101,"column":52}},"type":"binary-expr","locations":[{"start":{"line":101,"column":39},"end":{"line":101,"column":50}},{"start":{"line":101,"column":50},"end":{"line":101,"column":52}}],"line":101},"19":{"loc":{"start":{"line":102,"column":10},"end":{"line":102,"column":null}},"type":"if","locations":[{"start":{"line":102,"column":10},"end":{"line":102,"column":null}},{"start":{},"end":{}}],"line":102},"20":{"loc":{"start":{"line":103,"column":53},"end":{"line":103,"column":null}},"type":"cond-expr","locations":[{"start":{"line":103,"column":69},"end":{"line":103,"column":73}},{"start":{"line":103,"column":73},"end":{"line":103,"column":null}}],"line":103},"21":{"loc":{"start":{"line":104,"column":10},"end":{"line":104,"column":null}},"type":"if","locations":[{"start":{"line":104,"column":10},"end":{"line":104,"column":null}},{"start":{},"end":{}}],"line":104},"22":{"loc":{"start":{"line":119,"column":2},"end":{"line":119,"column":null}},"type":"if","locations":[{"start":{"line":119,"column":2},"end":{"line":119,"column":null}},{"start":{},"end":{}}],"line":119},"23":{"loc":{"start":{"line":120,"column":2},"end":{"line":120,"column":null}},"type":"if","locations":[{"start":{"line":120,"column":2},"end":{"line":120,"column":null}},{"start":{},"end":{}}],"line":120},"24":{"loc":{"start":{"line":122,"column":15},"end":{"line":122,"column":null}},"type":"binary-expr","locations":[{"start":{"line":122,"column":15},"end":{"line":122,"column":31}},{"start":{"line":122,"column":31},"end":{"line":122,"column":null}}],"line":122},"25":{"loc":{"start":{"line":123,"column":15},"end":{"line":123,"column":null}},"type":"cond-expr","locations":[{"start":{"line":123,"column":25},"end":{"line":123,"column":52}},{"start":{"line":123,"column":52},"end":{"line":123,"column":null}}],"line":123},"26":{"loc":{"start":{"line":124,"column":15},"end":{"line":124,"column":null}},"type":"binary-expr","locations":[{"start":{"line":124,"column":15},"end":{"line":124,"column":40}},{"start":{"line":124,"column":40},"end":{"line":124,"column":null}}],"line":124},"27":{"loc":{"start":{"line":135,"column":11},"end":{"line":140,"column":11}},"type":"binary-expr","locations":[{"start":{"line":135,"column":11},"end":{"line":135,"column":null}},{"start":{"line":136,"column":12},"end":{"line":140,"column":11}}],"line":135},"28":{"loc":{"start":{"line":137,"column":48},"end":{"line":137,"column":86}},"type":"cond-expr","locations":[{"start":{"line":137,"column":77},"end":{"line":137,"column":82}},{"start":{"line":137,"column":82},"end":{"line":137,"column":86}}],"line":137},"29":{"loc":{"start":{"line":141,"column":13},"end":{"line":150,"column":13}},"type":"cond-expr","locations":[{"start":{"line":142,"column":14},"end":{"line":146,"column":15}},{"start":{"line":146,"column":14},"end":{"line":150,"column":13}}],"line":141},"30":{"loc":{"start":{"line":157,"column":28},"end":{"line":157,"column":99}},"type":"cond-expr","locations":[{"start":{"line":157,"column":49},"end":{"line":157,"column":97}},{"start":{"line":157,"column":97},"end":{"line":157,"column":99}}],"line":157},"31":{"loc":{"start":{"line":168,"column":9},"end":{"line":175,"column":null}},"type":"binary-expr","locations":[{"start":{"line":168,"column":9},"end":{"line":168,"column":null}},{"start":{"line":169,"column":10},"end":{"line":175,"column":null}}],"line":168},"32":{"loc":{"start":{"line":174,"column":13},"end":{"line":174,"column":null}},"type":"binary-expr","locations":[{"start":{"line":174,"column":13},"end":{"line":174,"column":35}},{"start":{"line":174,"column":35},"end":{"line":174,"column":null}}],"line":174},"33":{"loc":{"start":{"line":178,"column":9},"end":{"line":227,"column":null}},"type":"binary-expr","locations":[{"start":{"line":178,"column":9},"end":{"line":178,"column":null}},{"start":{"line":179,"column":10},"end":{"line":227,"column":null}}],"line":178},"34":{"loc":{"start":{"line":194,"column":17},"end":{"line":201,"column":null}},"type":"binary-expr","locations":[{"start":{"line":194,"column":17},"end":{"line":194,"column":null}},{"start":{"line":195,"column":18},"end":{"line":201,"column":null}}],"line":194},"35":{"loc":{"start":{"line":210,"column":13},"end":{"line":213,"column":null}},"type":"binary-expr","locations":[{"start":{"line":210,"column":13},"end":{"line":210,"column":26}},{"start":{"line":210,"column":26},"end":{"line":210,"column":null}},{"start":{"line":211,"column":14},"end":{"line":213,"column":null}}],"line":210},"36":{"loc":{"start":{"line":217,"column":17},"end":{"line":218,"column":19}},"type":"binary-expr","locations":[{"start":{"line":217,"column":17},"end":{"line":217,"column":41}},{"start":{"line":217,"column":41},"end":{"line":218,"column":19}}],"line":217},"37":{"loc":{"start":{"line":222,"column":13},"end":{"line":225,"column":null}},"type":"cond-expr","locations":[{"start":{"line":223,"column":14},"end":{"line":225,"column":15}},{"start":{"line":225,"column":14},"end":{"line":225,"column":null}}],"line":222},"38":{"loc":{"start":{"line":222,"column":13},"end":{"line":222,"column":null}},"type":"binary-expr","locations":[{"start":{"line":222,"column":13},"end":{"line":222,"column":21}},{"start":{"line":222,"column":21},"end":{"line":222,"column":null}}],"line":222},"39":{"loc":{"start":{"line":230,"column":9},"end":{"line":239,"column":null}},"type":"binary-expr","locations":[{"start":{"line":230,"column":9},"end":{"line":230,"column":null}},{"start":{"line":231,"column":10},"end":{"line":239,"column":null}}],"line":230},"40":{"loc":{"start":{"line":263,"column":7},"end":{"line":280,"column":null}},"type":"binary-expr","locations":[{"start":{"line":263,"column":7},"end":{"line":263,"column":null}},{"start":{"line":264,"column":8},"end":{"line":280,"column":null}}],"line":263},"41":{"loc":{"start":{"line":298,"column":22},"end":{"line":302,"column":null}},"type":"cond-expr","locations":[{"start":{"line":299,"column":12},"end":{"line":299,"column":null}},{"start":{"line":300,"column":12},"end":{"line":302,"column":null}}],"line":298},"42":{"loc":{"start":{"line":298,"column":22},"end":{"line":298,"column":null}},"type":"binary-expr","locations":[{"start":{"line":298,"column":22},"end":{"line":298,"column":60}},{"start":{"line":298,"column":60},"end":{"line":298,"column":null}}],"line":298},"43":{"loc":{"start":{"line":300,"column":12},"end":{"line":302,"column":null}},"type":"cond-expr","locations":[{"start":{"line":301,"column":14},"end":{"line":301,"column":null}},{"start":{"line":302,"column":14},"end":{"line":302,"column":null}}],"line":300},"44":{"loc":{"start":{"line":307,"column":17},"end":{"line":307,"column":null}},"type":"cond-expr","locations":[{"start":{"line":307,"column":36},"end":{"line":307,"column":42}},{"start":{"line":307,"column":42},"end":{"line":307,"column":null}}],"line":307},"45":{"loc":{"start":{"line":320,"column":7},"end":{"line":335,"column":null}},"type":"binary-expr","locations":[{"start":{"line":320,"column":7},"end":{"line":320,"column":null}},{"start":{"line":321,"column":8},"end":{"line":335,"column":null}}],"line":320},"46":{"loc":{"start":{"line":351,"column":30},"end":{"line":351,"column":null}},"type":"cond-expr","locations":[{"start":{"line":351,"column":42},"end":{"line":351,"column":52}},{"start":{"line":351,"column":52},"end":{"line":351,"column":null}}],"line":351},"47":{"loc":{"start":{"line":352,"column":19},"end":{"line":352,"column":null}},"type":"cond-expr","locations":[{"start":{"line":352,"column":33},"end":{"line":352,"column":42}},{"start":{"line":352,"column":42},"end":{"line":352,"column":null}}],"line":352},"48":{"loc":{"start":{"line":353,"column":22},"end":{"line":353,"column":null}},"type":"cond-expr","locations":[{"start":{"line":353,"column":46},"end":{"line":353,"column":55}},{"start":{"line":353,"column":55},"end":{"line":353,"column":null}}],"line":353},"49":{"loc":{"start":{"line":354,"column":15},"end":{"line":354,"column":null}},"type":"binary-expr","locations":[{"start":{"line":354,"column":15},"end":{"line":354,"column":34}},{"start":{"line":354,"column":34},"end":{"line":354,"column":null}}],"line":354},"50":{"loc":{"start":{"line":357,"column":31},"end":{"line":357,"column":60}},"type":"cond-expr","locations":[{"start":{"line":357,"column":45},"end":{"line":357,"column":51}},{"start":{"line":357,"column":51},"end":{"line":357,"column":60}}],"line":357},"51":{"loc":{"start":{"line":359,"column":9},"end":{"line":359,"column":null}},"type":"binary-expr","locations":[{"start":{"line":359,"column":9},"end":{"line":359,"column":22}},{"start":{"line":359,"column":22},"end":{"line":359,"column":null}}],"line":359},"52":{"loc":{"start":{"line":360,"column":9},"end":{"line":363,"column":null}},"type":"binary-expr","locations":[{"start":{"line":360,"column":9},"end":{"line":360,"column":23}},{"start":{"line":360,"column":23},"end":{"line":360,"column":null}},{"start":{"line":361,"column":10},"end":{"line":363,"column":null}}],"line":360},"53":{"loc":{"start":{"line":371,"column":2},"end":{"line":375,"column":null}},"type":"if","locations":[{"start":{"line":371,"column":2},"end":{"line":375,"column":null}},{"start":{},"end":{}}],"line":371},"54":{"loc":{"start":{"line":386,"column":14},"end":{"line":386,"column":null}},"type":"cond-expr","locations":[{"start":{"line":386,"column":38},"end":{"line":386,"column":50}},{"start":{"line":386,"column":50},"end":{"line":386,"column":null}}],"line":386},"55":{"loc":{"start":{"line":386,"column":50},"end":{"line":386,"column":null}},"type":"cond-expr","locations":[{"start":{"line":386,"column":76},"end":{"line":386,"column":88}},{"start":{"line":386,"column":88},"end":{"line":386,"column":null}}],"line":386},"56":{"loc":{"start":{"line":387,"column":27},"end":{"line":387,"column":null}},"type":"cond-expr","locations":[{"start":{"line":387,"column":51},"end":{"line":387,"column":57}},{"start":{"line":387,"column":57},"end":{"line":387,"column":null}}],"line":387},"57":{"loc":{"start":{"line":387,"column":57},"end":{"line":387,"column":null}},"type":"cond-expr","locations":[{"start":{"line":387,"column":83},"end":{"line":387,"column":89}},{"start":{"line":387,"column":89},"end":{"line":387,"column":null}}],"line":387},"58":{"loc":{"start":{"line":389,"column":21},"end":{"line":389,"column":null}},"type":"binary-expr","locations":[{"start":{"line":389,"column":21},"end":{"line":389,"column":49}},{"start":{"line":389,"column":49},"end":{"line":389,"column":null}}],"line":389},"59":{"loc":{"start":{"line":394,"column":39},"end":{"line":394,"column":85}},"type":"binary-expr","locations":[{"start":{"line":394,"column":39},"end":{"line":394,"column":58}},{"start":{"line":394,"column":58},"end":{"line":394,"column":77}},{"start":{"line":394,"column":77},"end":{"line":394,"column":85}}],"line":394},"60":{"loc":{"start":{"line":403,"column":23},"end":{"line":403,"column":null}},"type":"cond-expr","locations":[{"start":{"line":403,"column":46},"end":{"line":403,"column":64}},{"start":{"line":403,"column":64},"end":{"line":403,"column":null}}],"line":403},"61":{"loc":{"start":{"line":421,"column":9},"end":{"line":423,"column":null}},"type":"cond-expr","locations":[{"start":{"line":422,"column":6},"end":{"line":422,"column":null}},{"start":{"line":423,"column":6},"end":{"line":423,"column":null}}],"line":421}},"s":{"0":66,"1":66,"2":66,"3":66,"4":66,"5":66,"6":19,"7":19,"8":19,"9":19,"10":19,"11":2,"12":2,"13":17,"14":22,"15":19,"16":0,"17":66,"18":17,"19":66,"20":17,"21":17,"22":0,"23":17,"24":17,"25":17,"26":17,"27":66,"28":40,"29":17,"30":23,"31":23,"32":23,"33":0,"34":23,"35":23,"36":66,"37":66,"38":66,"39":66,"40":2,"41":2,"42":66,"43":66,"44":9,"45":0,"46":9,"47":9,"48":0,"49":9,"50":0,"51":9,"52":3,"53":3,"54":3,"55":9,"56":2,"57":2,"58":1,"59":1,"60":1,"61":2,"62":0,"63":1,"64":1,"65":1,"66":1,"67":1,"68":1,"69":1,"70":2,"71":2,"72":0,"73":2,"74":2,"75":2,"76":2,"77":1,"78":1,"79":1,"80":1,"81":1,"82":66,"83":66,"84":66,"85":66,"86":0,"87":66,"88":17,"89":49,"90":66,"91":66,"92":66,"93":1,"94":4,"95":4,"96":2,"97":0,"98":0,"99":49,"100":98,"101":102,"102":97,"103":98,"104":143,"105":0,"106":143,"107":0,"108":26,"109":1,"110":25,"111":5,"112":20,"113":20,"114":20,"115":8,"116":20,"117":1,"118":241,"119":241},"f":{"0":66,"1":19,"2":19,"3":2,"4":22,"5":17,"6":17,"7":0,"8":17,"9":40,"10":23,"11":0,"12":23,"13":66,"14":2,"15":66,"16":9,"17":3,"18":2,"19":0,"20":1,"21":66,"22":1,"23":4,"24":4,"25":2,"26":0,"27":0,"28":49,"29":98,"30":102,"31":97,"32":143,"33":0,"34":143,"35":0,"36":26,"37":5,"38":20,"39":8,"40":1,"41":241},"b":{"0":[2,17],"1":[19,2],"2":[17,2],"3":[19,0],"4":[17,23],"5":[23,23],"6":[0,0],"7":[49,17],"8":[0,9],"9":[9,9,9],"10":[0,9],"11":[9,9],"12":[0,9],"13":[3,0],"14":[2,1,1,1,1,2,1,1],"15":[1,0],"16":[1,0],"17":[1,0],"18":[2,0],"19":[0,2],"20":[1,1],"21":[2,0],"22":[0,66],"23":[17,49],"24":[49,0],"25":[49,0],"26":[66,49],"27":[66,2],"28":[0,2],"29":[5,44],"30":[49,0],"31":[66,49],"32":[49,41],"33":[66,49],"34":[49,2],"35":[49,0,0],"36":[4,4],"37":[26,23],"38":[49,32],"39":[66,2],"40":[66,1],"41":[10,88],"42":[98,12],"43":[44,44],"44":[10,88],"45":[49,0],"46":[0,143],"47":[20,123],"48":[49,94],"49":[143,143],"50":[20,123],"51":[143,0],"52":[143,143,4],"53":[1,25],"54":[5,15],"55":[5,10],"56":[5,15],"57":[5,10],"58":[8,6],"59":[20,5,0],"60":[0,1],"61":[0,241]},"meta":{"lastBranch":62,"lastFunction":42,"lastStatement":120,"seen":{"f:11:24:11:30":0,"s:12:30:12:Infinity":0,"s:13:32:13:Infinity":1,"s:14:26:14:Infinity":2,"s:15:28:15:Infinity":3,"s:16:34:16:Infinity":4,"s:18:15:30:Infinity":5,"f:18:27:18:39":1,"s:19:4:29:Infinity":6,"s:20:19:20:Infinity":7,"s:21:6:21:Infinity":8,"s:22:6:26:Infinity":9,"f:22:6:22:18":2,"b:23:8:23:Infinity:undefined:undefined:undefined:undefined":0,"s:23:8:23:Infinity":10,"b:23:12:23:20:23:20:23:69":1,"f:23:39:23:45":3,"s:23:51:23:66":11,"s:23:69:23:Infinity":12,"s:24:22:24:Infinity":13,"b:24:22:24:67:24:67:24:Infinity":2,"f:24:41:24:47":4,"s:24:53:24:62":14,"s:25:8:25:Infinity":15,"b:25:15:25:30:25:30:25:Infinity":3,"s:28:6:28:Infinity":16,"s:32:2:34:Infinity":17,"f:32:2:32:18":5,"s:33:4:33:Infinity":18,"s:38:2:44:Infinity":19,"f:38:2:38:18":6,"s:39:15:39:Infinity":20,"s:40:10:40:Infinity":21,"f:40:10:40:26":7,"s:40:26:40:Infinity":22,"s:41:4:41:Infinity":23,"s:42:4:42:Infinity":24,"s:43:4:43:Infinity":25,"f:43:4:43:17":8,"s:43:17:43:Infinity":26,"s:46:2:56:Infinity":27,"f:46:2:46:18":9,"b:47:4:47:Infinity:undefined:undefined:undefined:undefined":4,"s:47:4:47:Infinity":28,"s:47:18:47:Infinity":29,"s:48:20:48:Infinity":30,"s:49:4:52:Infinity":31,"f:51:7:51:13":10,"s:51:19:51:43":32,"b:51:19:51:33:51:33:51:43":5,"f:52:7:52:14":11,"s:52:20:52:53":33,"b:52:20:52:34:52:34:52:53":6,"s:53:4:55:Infinity":34,"f:53:4:53:17":12,"s:54:6:54:Infinity":35,"s:58:16:58:Infinity":36,"b:58:25:58:48:58:48:58:Infinity":7,"s:59:16:59:Infinity":37,"f:59:22:59:33":13,"s:59:39:59:57":38,"s:61:23:67:Infinity":39,"f:62:4:62:11":14,"s:63:6:63:Infinity":40,"s:64:6:64:Infinity":41,"s:69:2:117:Infinity":42,"f:69:2:69:18":15,"s:70:10:114:Infinity":43,"f:70:10:70:19":16,"b:71:6:71:Infinity:undefined:undefined:undefined:undefined":8,"s:71:6:71:Infinity":44,"b:71:10:71:23:71:23:71:36:71:36:71:46":9,"s:71:46:71:Infinity":45,"s:72:21:72:Infinity":46,"b:73:6:73:Infinity:undefined:undefined:undefined:undefined":10,"s:73:6:73:Infinity":47,"b:73:10:73:40:73:40:73:71":11,"s:73:71:73:Infinity":48,"b:74:6:74:Infinity:undefined:undefined:undefined:undefined":12,"s:74:6:74:Infinity":49,"s:74:19:74:Infinity":50,"s:76:12:79:Infinity":51,"f:76:12:76:18":17,"s:77:21:77:Infinity":52,"b:78:8:78:Infinity:undefined:undefined:undefined:undefined":13,"s:78:8:78:Infinity":53,"s:78:18:78:Infinity":54,"b:82:8:84:Infinity:85:8:87:Infinity:88:8:93:Infinity:94:8:98:Infinity:99:8:99:Infinity:100:8:106:Infinity:107:8:109:Infinity:110:8:112:Infinity":14,"s:81:6:113:Infinity":55,"s:83:10:83:Infinity":56,"s:84:10:84:Infinity":57,"s:86:10:86:Infinity":58,"s:87:10:87:Infinity":59,"s:90:12:90:Infinity":60,"b:90:12:90:61:90:61:90:Infinity":15,"f:90:35:90:41":18,"s:90:47:90:56":61,"f:90:67:90:73":19,"s:90:79:90:88":62,"b:91:10:91:Infinity:undefined:undefined:undefined:undefined":16,"s:91:10:91:Infinity":63,"s:91:20:91:Infinity":64,"s:92:10:92:Infinity":65,"s:95:23:95:Infinity":66,"b:96:10:96:Infinity:undefined:undefined:undefined:undefined":17,"s:96:10:96:Infinity":67,"s:96:20:96:Infinity":68,"s:97:10:97:Infinity":69,"s:101:23:101:Infinity":70,"b:101:39:101:50:101:50:101:52":18,"b:102:10:102:Infinity:undefined:undefined:undefined:undefined":19,"s:102:10:102:Infinity":71,"s:102:21:102:Infinity":72,"s:103:25:103:Infinity":73,"b:103:69:103:73:103:73:103:Infinity":20,"b:104:10:104:Infinity:undefined:undefined:undefined:undefined":21,"s:104:10:104:Infinity":74,"s:104:32:104:Infinity":75,"s:105:10:105:Infinity":76,"s:108:10:108:Infinity":77,"f:108:10:108:23":20,"s:108:29:108:31":78,"s:109:10:109:Infinity":79,"s:111:10:111:Infinity":80,"s:112:10:112:Infinity":81,"s:115:4:115:Infinity":82,"s:116:4:116:Infinity":83,"f:116:4:116:17":21,"s:116:17:116:Infinity":84,"b:119:2:119:Infinity:undefined:undefined:undefined:undefined":22,"s:119:2:119:Infinity":85,"s:119:13:119:Infinity":86,"b:120:2:120:Infinity:undefined:undefined:undefined:undefined":23,"s:120:2:120:Infinity":87,"s:120:15:120:Infinity":88,"s:122:15:122:Infinity":89,"b:122:15:122:31:122:31:122:Infinity":24,"s:123:15:123:Infinity":90,"b:123:25:123:52:123:52:123:Infinity":25,"s:124:15:124:Infinity":91,"b:124:15:124:40:124:40:124:Infinity":26,"s:126:2:282:Infinity":92,"b:135:11:135:Infinity:136:12:140:11":27,"b:137:77:137:82:137:82:137:86":28,"b:142:14:146:15:146:14:150:13":29,"b:157:49:157:97:157:97:157:99":30,"b:168:9:168:Infinity:169:10:175:Infinity":31,"b:174:13:174:35:174:35:174:Infinity":32,"b:178:9:178:Infinity:179:10:227:Infinity":33,"f:186:18:186:33":22,"s:186:33:186:Infinity":93,"b:194:17:194:Infinity:195:18:201:Infinity":34,"f:196:31:196:36":23,"s:197:22:199:Infinity":94,"b:210:13:210:26:210:26:210:Infinity:211:14:213:Infinity":35,"f:215:24:215:29":24,"s:216:14:219:Infinity":95,"b:217:17:217:41:217:41:218:19":36,"b:223:14:225:15:225:14:225:Infinity":37,"b:222:13:222:21:222:21:222:Infinity":38,"b:230:9:230:Infinity:231:10:239:Infinity":39,"f:235:31:235:36":25,"s:236:16:236:Infinity":96,"b:263:7:263:Infinity:264:8:280:Infinity":40,"f:264:30:264:45":26,"s:264:45:264:Infinity":97,"f:265:37:265:47":27,"s:265:53:265:Infinity":98,"f:286:9:286:17":28,"s:295:2:335:Infinity":99,"f:297:21:297:26":29,"s:298:22:302:Infinity":100,"b:299:12:299:Infinity:300:12:302:Infinity":41,"b:298:22:298:60:298:60:298:Infinity":42,"f:298:34:298:41":30,"s:298:47:298:55":101,"b:301:14:301:Infinity:302:14:302:Infinity":43,"f:300:24:300:30":31,"s:300:36:300:54":102,"s:303:8:316:Infinity":103,"b:307:36:307:42:307:42:307:Infinity":44,"f:312:27:312:32":32,"s:313:16:313:Infinity":104,"b:320:7:320:Infinity:321:8:335:Infinity":45,"f:329:30:329:35":33,"s:330:14:330:Infinity":105,"f:339:9:339:17":34,"s:348:2:366:Infinity":106,"b:351:42:351:52:351:52:351:Infinity":46,"b:352:33:352:42:352:42:352:Infinity":47,"b:353:46:353:55:353:55:353:Infinity":48,"b:354:15:354:34:354:34:354:Infinity":49,"f:355:8:355:23":35,"s:355:23:355:Infinity":107,"b:357:45:357:51:357:51:357:60":50,"b:359:9:359:22:359:22:359:Infinity":51,"b:360:9:360:23:360:23:360:Infinity:361:10:363:Infinity":52,"f:370:9:370:14":36,"b:371:2:375:Infinity:undefined:undefined:undefined:undefined":53,"s:371:2:375:Infinity":108,"s:374:4:374:Infinity":109,"s:377:2:413:Infinity":110,"f:379:18:379:23":37,"s:380:8:411:Infinity":111,"f:384:22:384:27":38,"s:386:14:386:Infinity":112,"b:386:38:386:50:386:50:386:Infinity":54,"b:386:76:386:88:386:88:386:Infinity":55,"s:387:27:387:Infinity":113,"b:387:51:387:57:387:57:387:Infinity":56,"b:387:83:387:89:387:89:387:Infinity":57,"s:388:26:390:Infinity":114,"f:388:41:388:Infinity":39,"s:389:21:389:Infinity":115,"b:389:21:389:49:389:49:389:Infinity":58,"s:391:12:408:Infinity":116,"b:394:39:394:58:394:58:394:77:394:77:394:85":59,"f:399:23:399:28":40,"s:400:18:406:Infinity":117,"b:403:46:403:64:403:64:403:Infinity":60,"f:419:9:419:19":41,"s:420:12:420:Infinity":118,"s:421:2:423:Infinity":119,"b:422:6:422:Infinity:423:6:423:Infinity":61},"fnNames":{}}}
,"/Users/asnunesaro/development/personal/farol/web/src/api.ts": {"path":"/Users/asnunesaro/development/personal/farol/web/src/api.ts","statementMap":{"0":{"start":{"line":67,"column":2},"end":{"line":67,"column":null}},"1":{"start":{"line":67,"column":15},"end":{"line":67,"column":null}},"2":{"start":{"line":68,"column":2},"end":{"line":68,"column":null}},"3":{"start":{"line":71,"column":19},"end":{"line":81,"column":null}},"4":{"start":{"line":72,"column":16},"end":{"line":72,"column":null}},"5":{"start":{"line":74,"column":4},"end":{"line":74,"column":null}},"6":{"start":{"line":76,"column":4},"end":{"line":80,"column":null}},"7":{"start":{"line":85,"column":2},"end":{"line":85,"column":null}},"8":{"start":{"line":85,"column":42},"end":{"line":85,"column":49}},"9":{"start":{"line":93,"column":2},"end":{"line":97,"column":null}},"10":{"start":{"line":93,"column":15},"end":{"line":93,"column":18}},"11":{"start":{"line":94,"column":4},"end":{"line":96,"column":null}},"12":{"start":{"line":94,"column":43},"end":{"line":94,"column":58}},"13":{"start":{"line":95,"column":6},"end":{"line":95,"column":null}},"14":{"start":{"line":98,"column":2},"end":{"line":98,"column":null}}},"fnMap":{"0":{"name":"json","decl":{"start":{"line":66,"column":15},"end":{"line":66,"column":23}},"loc":{"start":{"line":66,"column":50},"end":{"line":69,"column":null}},"line":66},"1":{"name":"(anonymous_1)","decl":{"start":{"line":72,"column":2},"end":{"line":72,"column":16}},"loc":{"start":{"line":72,"column":16},"end":{"line":72,"column":null}},"line":72},"2":{"name":"(anonymous_2)","decl":{"start":{"line":73,"column":2},"end":{"line":73,"column":9}},"loc":{"start":{"line":74,"column":4},"end":{"line":74,"column":null}},"line":74},"3":{"name":"(anonymous_3)","decl":{"start":{"line":75,"column":2},"end":{"line":75,"column":14}},"loc":{"start":{"line":76,"column":4},"end":{"line":80,"column":null}},"line":76},"4":{"name":"readingOrder","decl":{"start":{"line":84,"column":16},"end":{"line":84,"column":29}},"loc":{"start":{"line":84,"column":61},"end":{"line":86,"column":null}},"line":84},"5":{"name":"(anonymous_5)","decl":{"start":{"line":85,"column":27},"end":{"line":85,"column":36}},"loc":{"start":{"line":85,"column":42},"end":{"line":85,"column":49}},"line":85},"6":{"name":"blockOf","decl":{"start":{"line":89,"column":16},"end":{"line":89,"column":null}},"loc":{"start":{"line":92,"column":46},"end":{"line":99,"column":null}},"line":92},"7":{"name":"(anonymous_7)","decl":{"start":{"line":94,"column":31},"end":{"line":94,"column":37}},"loc":{"start":{"line":94,"column":43},"end":{"line":94,"column":58}},"line":94}},"branchMap":{"0":{"loc":{"start":{"line":67,"column":2},"end":{"line":67,"column":null}},"type":"if","locations":[{"start":{"line":67,"column":2},"end":{"line":67,"column":null}},{"start":{},"end":{}}],"line":67},"1":{"loc":{"start":{"line":94,"column":4},"end":{"line":96,"column":null}},"type":"if","locations":[{"start":{"line":94,"column":4},"end":{"line":96,"column":null}},{"start":{},"end":{}}],"line":94}},"s":{"0":42,"1":0,"2":42,"3":2,"4":19,"5":23,"6":2,"7":72,"8":144,"9":54,"10":54,"11":64,"12":79,"13":53,"14":11},"f":{"0":42,"1":19,"2":23,"3":2,"4":72,"5":144,"6":54,"7":79},"b":{"0":[0,42],"1":[53,11]},"meta":{"lastBranch":2,"lastFunction":8,"lastStatement":15,"seen":{"f:66:15:66:23":0,"b:67:2:67:Infinity:undefined:undefined:undefined:undefined":0,"s:67:2:67:Infinity":0,"s:67:15:67:Infinity":1,"s:68:2:68:Infinity":2,"s:71:19:81:Infinity":3,"f:72:2:72:16":1,"s:72:16:72:Infinity":4,"f:73:2:73:9":2,"s:74:4:74:Infinity":5,"f:75:2:75:14":3,"s:76:4:80:Infinity":6,"f:84:16:84:29":4,"s:85:2:85:Infinity":7,"f:85:27:85:36":5,"s:85:42:85:49":8,"f:89:16:89:Infinity":6,"s:93:2:97:Infinity":9,"s:93:15:93:18":10,"b:94:4:96:Infinity:undefined:undefined:undefined:undefined":1,"s:94:4:96:Infinity":11,"f:94:31:94:37":7,"s:94:43:94:58":12,"s:95:6:95:Infinity":13,"s:98:2:98:Infinity":14},"fnNames":{}}}
}
